Added Component: Designator=C1(0805)
Added Component: Designator=C2(1206)
Added Component: Designator=C3(1206)
Added Component: Designator=C4(1206)
Added Component: Designator=C5(0805)
Added Component: Designator=C6(0805)
Added Component: Designator=C7(1206)
Added Component: Designator=C8(1206)
Added Component: Designator=C9(0805)
Added Component: Designator=C10(0805)
Added Component: Designator=L1(0805)
Added Component: Designator=L2(1206)
Added Component: Designator=L3(0805)
Added Component: Designator=S1(MS191-10S)
Added Component: Designator=S2(MS191-10S)
Added Component: Designator=U1(TI-DCY4_N)
Added Component: Designator=U2(PSA4-5043+)
Added Component: Designator=XTAL1(XTAL_ECS-96SMF45A30-TR)
Added Component: Designator=XTAL2(XTAL_ECS-96SMF45A30-TR)
Added Pin To Net: NetName=+5 Pin=C1-2
Added Pin To Net: NetName=+5 Pin=U1-1
Added Net: Name=+5
Added Pin To Net: NetName=3V3 Pin=C2-1
Added Pin To Net: NetName=3V3 Pin=C3-1
Added Pin To Net: NetName=3V3 Pin=C4-1
Added Pin To Net: NetName=3V3 Pin=L2-2
Added Pin To Net: NetName=3V3 Pin=U1-3
Added Net: Name=3V3
Added Pin To Net: NetName=GND Pin=C1-1
Added Pin To Net: NetName=GND Pin=C2-2
Added Pin To Net: NetName=GND Pin=C3-2
Added Pin To Net: NetName=GND Pin=C4-2
Added Pin To Net: NetName=GND Pin=C6-1
Added Pin To Net: NetName=GND Pin=C9-1
Added Pin To Net: NetName=GND Pin=L1-1
Added Pin To Net: NetName=GND Pin=L3-1
Added Pin To Net: NetName=GND Pin=S1-0
Added Pin To Net: NetName=GND Pin=S1-0
Added Pin To Net: NetName=GND Pin=S1-0
Added Pin To Net: NetName=GND Pin=S1-0
Added Pin To Net: NetName=GND Pin=S2-0
Added Pin To Net: NetName=GND Pin=S2-0
Added Pin To Net: NetName=GND Pin=S2-0
Added Pin To Net: NetName=GND Pin=S2-0
Added Pin To Net: NetName=GND Pin=U1-2
Added Pin To Net: NetName=GND Pin=U1-2
Added Pin To Net: NetName=GND Pin=U2-2
Added Pin To Net: NetName=GND Pin=U2-4
Added Pin To Net: NetName=GND Pin=XTAL1-1
Added Pin To Net: NetName=GND Pin=XTAL1-2
Added Pin To Net: NetName=GND Pin=XTAL1-4
Added Pin To Net: NetName=GND Pin=XTAL1-5
Added Pin To Net: NetName=GND Pin=XTAL2-1
Added Pin To Net: NetName=GND Pin=XTAL2-2
Added Pin To Net: NetName=GND Pin=XTAL2-4
Added Pin To Net: NetName=GND Pin=XTAL2-5
Added Net: Name=GND
Added Pin To Net: NetName=NetC5_1 Pin=C5-1
Added Net: Name=NetC5_1
Added Pin To Net: NetName=NetC5_2 Pin=C5-2
Added Pin To Net: NetName=NetC5_2 Pin=C6-2
Added Pin To Net: NetName=NetC5_2 Pin=L1-2
Added Pin To Net: NetName=NetC5_2 Pin=XTAL1-6
Added Net: Name=NetC5_2
Added Pin To Net: NetName=NetC7_1 Pin=C7-1
Added Pin To Net: NetName=NetC7_1 Pin=XTAL1-3
Added Net: Name=NetC7_1
Added Pin To Net: NetName=NetC7_2 Pin=C7-2
Added Pin To Net: NetName=NetC7_2 Pin=U2-3
Added Net: Name=NetC7_2
Added Pin To Net: NetName=NetC8_1 Pin=C8-1
Added Pin To Net: NetName=NetC8_1 Pin=L2-1
Added Pin To Net: NetName=NetC8_1 Pin=U2-1
Added Net: Name=NetC8_1
Added Pin To Net: NetName=NetC8_2 Pin=C8-2
Added Pin To Net: NetName=NetC8_2 Pin=XTAL2-6
Added Net: Name=NetC8_2
Added Pin To Net: NetName=NetC9_2 Pin=C9-2
Added Pin To Net: NetName=NetC9_2 Pin=C10-1
Added Pin To Net: NetName=NetC9_2 Pin=L3-2
Added Pin To Net: NetName=NetC9_2 Pin=XTAL2-3
Added Net: Name=NetC9_2
Added Pin To Net: NetName=NetC10_2 Pin=C10-2
Added Net: Name=NetC10_2
Added Class: Name=50x50_Crystal_Filter_with_Amp
